<?xml version="1.0" encoding="UTF-8"?>
<testng-results skipped="0" failed="0" total="1" passed="1">
  <reporter-output>
  </reporter-output>
  <suite name="Default Suite" duration-ms="8119" started-at="2023-03-21T01:09:30Z" finished-at="2023-03-21T01:09:38Z">
    <groups>
    </groups>
    <test name="TestMavenPrograms" duration-ms="8119" started-at="2023-03-21T01:09:30Z" finished-at="2023-03-21T01:09:38Z">
      <class name="section5.Locators2">
        <test-method status="PASS" signature="test()[pri:0, instance:section5.Locators2@2acf57e3]" name="test" duration-ms="8111" started-at="2023-03-20T21:09:30Z" finished-at="2023-03-20T21:09:38Z">
          <reporter-output>
          </reporter-output>
        </test-method> <!-- test -->
      </class> <!-- section5.Locators2 -->
    </test> <!-- TestMavenPrograms -->
  </suite> <!-- Default Suite -->
</testng-results>
